d:\arbeit\msvisualstudio_workspace\masterarbeit\servicelib\servicelib\x64\release\vc142.pdb
d:\arbeit\msvisualstudio_workspace\masterarbeit\servicelib\servicelib\x64\release\util.obj
d:\arbeit\msvisualstudio_workspace\masterarbeit\servicelib\servicelib\x64\release\servicelib.obj
d:\arbeit\msvisualstudio_workspace\masterarbeit\servicelib\servicelib\x64\release\opcuaserver.obj
d:\arbeit\msvisualstudio_workspace\masterarbeit\servicelib\servicelib\x64\release\opcuamethode.obj
d:\arbeit\msvisualstudio_workspace\masterarbeit\servicelib\servicelib\x64\release\logutil.obj
d:\arbeit\msvisualstudio_workspace\masterarbeit\servicelib\servicelib\x64\release\methodsavewsdl.obj
d:\arbeit\msvisualstudio_workspace\masterarbeit\servicelib\servicelib\x64\release\methodsaveprocess.obj
d:\arbeit\msvisualstudio_workspace\masterarbeit\servicelib\servicelib\x64\release\methodgetservice.obj
d:\arbeit\msvisualstudio_workspace\masterarbeit\servicelib\servicelib\x64\release\methodgetprocess.obj
d:\arbeit\msvisualstudio_workspace\masterarbeit\servicelib\servicelib\x64\release\configfileutil.obj
d:\arbeit\msvisualstudio_workspace\masterarbeit\servicelib\servicelib\x64\release\savestringasxml.obj
d:\arbeit\msvisualstudio_workspace\masterarbeit\servicelib\servicelib\x64\release\getfileasstring.obj
d:\arbeit\msvisualstudio_workspace\masterarbeit\servicelib\servicelib\x64\release\open62541util.obj
d:\arbeit\msvisualstudio_workspace\masterarbeit\servicelib\servicelib\x64\release\methodgetlistof.obj
d:\arbeit\msvisualstudio_workspace\masterarbeit\servicelib\x64\release\servicelib.exe
d:\arbeit\msvisualstudio_workspace\masterarbeit\servicelib\x64\release\servicelib.pdb
d:\arbeit\msvisualstudio_workspace\masterarbeit\servicelib\servicelib\x64\release\vcpkg.applocal.log
d:\arbeit\msvisualstudio_workspace\masterarbeit\servicelib\x64\release\servicelib.ipdb
d:\arbeit\msvisualstudio_workspace\masterarbeit\servicelib\x64\release\servicelib.iobj
d:\arbeit\msvisualstudio_workspace\masterarbeit\servicelib\servicelib\x64\release\servicelib.tlog\cl.command.1.tlog
d:\arbeit\msvisualstudio_workspace\masterarbeit\servicelib\servicelib\x64\release\servicelib.tlog\cl.read.1.tlog
d:\arbeit\msvisualstudio_workspace\masterarbeit\servicelib\servicelib\x64\release\servicelib.tlog\cl.write.1.tlog
d:\arbeit\msvisualstudio_workspace\masterarbeit\servicelib\servicelib\x64\release\servicelib.tlog\link.command.1.tlog
d:\arbeit\msvisualstudio_workspace\masterarbeit\servicelib\servicelib\x64\release\servicelib.tlog\link.read.1.tlog
d:\arbeit\msvisualstudio_workspace\masterarbeit\servicelib\servicelib\x64\release\servicelib.tlog\link.write.1.tlog
d:\arbeit\msvisualstudio_workspace\masterarbeit\servicelib\servicelib\x64\release\servicelib.tlog\servicelib.write.1u.tlog
