  configFileUtil.cpp
  getFileAsString.cpp
  logUtil.cpp
  methodGetListOf.cpp
  methodGetProcess.cpp
  methodGetService.cpp
  methodSaveProcess.cpp
  methodSaveWsdl.cpp
  opcuaMethode.cpp
  opcuaServer.cpp
  open62541Util.cpp
  saveStringAsXml.cpp
  serviceLib.cpp
  util.cpp
  Previous IPDB not found, fall back to full compilation.
LINK : warning LNK4098: Standardbibliothek "LIBCMT" steht in Konflikt mit anderen Bibliotheken; /NODEFAULTLIB:Bibliothek verwenden.
  Code wird generiert.
  All 681 functions were compiled because no usable IPDB/IOBJ from previous compilation was found.
  Codegenerierung ist abgeschlossen.
  serviceLib.vcxproj -> D:\Arbeit\MSVisualStudio_Workspace\masterarbeit\serviceLib\x64\Release\serviceLib.exe
